2023-03-12 02:24:54 PM Overdraft attempt by: mike. Attempted Transfer Amount: $1,001.00
2023-03-12 02:41:25 PM Overdraft attempt by: mike. Attempted Transfer Amount: $1,001.00
2023-03-12 02:42:11 PM Overdraft attempt by: mike. Attempted Transfer Amount: $1,001.00
2023-03-12 02:48:44 PM Error occured in Add Log - unable to reach server: Error
2023-03-12 02:50:24 PM Overdraft attempt by: mike. Attempted Transfer Amount: $1,001.00
2023-03-12 02:52:16 PM Error occured in Add Log - unable to reach server: Error
2023-03-12 02:53:19 PM Error occured in Add Log - unable to reach server: Error
2023-03-12 02:54:43 PM Error occured in Add Log - unable to reach server: Error
2023-03-12 03:00:12 PM Error occured in Add Log - http error occured: 401 -- Unauthorized
2023-03-12 03:04:52 PM Error occured in Add Log - unable to reach server: Error
2023-03-12 03:07:03 PM Error occured in Add Log - unable to reach server: Error
2023-03-12 03:14:11 PM Error occured in Add Log - http error occured: 401 -- Unauthorized
2023-03-12 03:24:22 PM Error occured in Add Log - unable to reach server: Error
2023-03-12 03:35:55 PM Overdraft attempt by: mike. Attempted Transfer Amount: $1,001.00
2023-03-12 03:37:59 PM Error occured in Add Log - unable to reach server: Error
2023-03-12 03:40:42 PM Error occured in Add Log - unable to reach server: Error
2023-03-12 03:42:04 PM Transfer by mike. Transfer Amount: $1,001.00 Transfer To: 2003
2023-03-12 03:42:12 PM Error occured in Add Log - unable to reach server: Error
2023-03-12 03:58:51 PM Transfer by mike. Transfer Amount: $1,001.00 Transfer To: 2003
2023-03-12 03:59:53 PM Error occured in Add Log - http error occured: 401 -- Unauthorized
2023-03-12 04:02:51 PM Transfer by mike. Transfer Amount: $1,001.00 Transfer To: 2003
2023-03-12 04:03:09 PM Error occured in Add Log - http error occured: 401 -- Unauthorized
2023-03-12 04:04:45 PM Transfer by mike. Transfer Amount: $1,001.00 Transfer To: 2003
2023-03-12 04:08:13 PM Error occured in Add Log - http error occured: 401 -- Unauthorized
2023-03-12 04:09:05 PM Transfer by mike. Transfer Amount: $1,001.00 Transfer To: 2003
2023-03-12 04:09:14 PM Error occured in Add Log - http error occured: 401 -- Unauthorized
2023-03-12 04:17:47 PM Transfer by mike. Transfer Amount: $1,001.00 Transfer To: 2003
2023-03-12 04:19:56 PM Overdraft attempt by: mike. Attempted Transfer Amount: $1,001.00
2023-03-12 04:21:08 PM Transfer by mike. Transfer Amount: $1,001.00 Transfer To: 2003
2023-03-12 04:22:29 PM Transfer by mike. Transfer Amount: $1,001.00 Transfer To: 2003
2023-03-12 04:24:18 PM Transfer by mike. Transfer Amount: $1,001.00 Transfer To: 2003
2023-03-12 04:24:28 PM Error occured in Add Log - http error occured: 404 -- Not Found
2023-03-12 04:32:26 PM Transfer by mike. Transfer Amount: $1,001.00 Transfer To: 2003
2023-03-12 04:32:33 PM Error occured in Add Log - http error occured: 400 -- Bad Request
2023-03-12 04:34:35 PM Transfer by mike. Transfer Amount: $1,001.00 Transfer To: 2003
2023-03-12 04:34:59 PM Error occured in Add Log - http error occured: 400 -- Bad Request
2023-03-12 04:39:23 PM Transfer by mike. Transfer Amount: $1,001.00 Transfer To: 2003
2023-03-12 04:39:45 PM Error occured in Add Log - http error occured: 400 -- Bad Request
2023-03-12 04:46:05 PM Transfer by mike. Transfer Amount: $1,001.00 Transfer To: 2003
2023-03-12 04:46:16 PM Error occured in Add Log - http error occured: 400 -- Bad Request
2023-03-12 04:48:43 PM Transfer by mike. Transfer Amount: $1,001.00 Transfer To: 2003
2023-03-12 04:48:57 PM Error occured in Add Log - http error occured: 400 -- Bad Request
2023-03-12 04:51:28 PM Transfer by mike. Transfer Amount: $1,001.00 Transfer To: 2003
2023-03-12 04:59:36 PM Overdraft attempt by: mike. Attempted Transfer Amount: $1,001.00
2023-03-12 05:00:05 PM Transfer by mike. Transfer Amount: $1,001.00 Transfer To: 2003
2023-03-12 05:04:56 PM Transfer by mike. Transfer Amount: $1,001.00 Transfer To: 2003
2023-03-12 05:07:44 PM Transfer by mike. Transfer Amount: $1,001.00 Transfer To: 2003
2023-03-12 05:13:02 PM Transfer by mike. Transfer Amount: $1,001.00 Transfer To: 2003
